Arguments: 
  /home/otipip90/.nvm/versions/node/v16.14.0/bin/node /usr/share/yarn/bin/yarn.js

PATH: 
  /home/otipip90/usr/local/bin:/home/otipip90/.local/bin:/home/otipip90/usr/local/bin:/home/otipip90/.nvm/versions/node/v16.14.0/bin:/home/otipip90/.local/bin:/usr/local/sbin:/usr/local/bin:/usr/sbin:/usr/bin:/sbin:/bin:/usr/games:/usr/local/games:/snap/bin:/home/otipip90/.local/bin:/home/otipip90/.local/share/JetBrains/Toolbox/scripts:/home/otipip90/.local/bin:/home/otipip90/workspace/infrastructure/bin:/home/otipip90/workspace/frontend/bin:/home/otipip90/workspace/infrastructure/bin:/home/otipip90/.local/bin:/home/otipip90/.local/share/JetBrains/Toolbox/scripts:/home/otipip90/.local/bin:/home/otipip90/workspace/infrastructure/bin:/home/otipip90/workspace/frontend/bin:/home/otipip90/workspace/infrastructure/bin

Yarn version: 
  1.22.19

Node version: 
  16.14.0

Platform: 
  linux x64

Trace: 
  Error: https://bio-rad-lsg-490541681917.d.codeartifact.us-west-2.amazonaws.com/npm/lsg-npm/@material-ui%2fcore: Unauthenticated: request used expired credentials. Please renew your credentials.
      at Request.params.callback [as _callback] (/usr/share/yarn/lib/cli.js:66145:18)
      at Request.self.callback (/usr/share/yarn/lib/cli.js:140890:22)
      at Request.emit (node:events:520:28)
      at Request.<anonymous> (/usr/share/yarn/lib/cli.js:141862:10)
      at Request.emit (node:events:520:28)
      at Gunzip.<anonymous> (/usr/share/yarn/lib/cli.js:141784:12)
      at Object.onceWrapper (node:events:639:28)
      at Gunzip.emit (node:events:520:28)
      at endReadableNT (node:internal/streams/readable:1346:12)
      at processTicksAndRejections (node:internal/process/task_queues:83:21)

npm manifest: 
  {
    "name": "auth",
    "version": "1.0.0",
    "scripts": {
      "test": "echo \"Error: no test specified\" && exit 1"
    },
    "dependencies": {
      "@material-ui/core": "^4.11.0",
      "@material-ui/icons": "^4.9.1",
      "react": "^17.0.1",
      "react-dom": "^17.0.1",
      "react-router-dom": "^5.2.0"
    },
    "devDependencies": {
      "@babel/core": "^7.12.3",
      "@babel/plugin-transform-runtime": "^7.12.1",
      "@babel/preset-env": "^7.12.1",
      "@babel/preset-react": "^7.12.1",
      "babel-loader": "^8.1.0",
      "clean-webpack-plugin": "^3.0.0",
      "css-loader": "^5.0.0",
      "html-webpack-plugin": "^4.5.0",
      "style-loader": "^2.0.0",
      "webpack": "^5.4.0",
      "webpack-cli": "^4.1.0",
      "webpack-dev-server": "^3.11.0",
      "webpack-merge": "^5.2.0"
    }
  }

yarn manifest: 
  No manifest

Lockfile: 
  No lockfile
